<html xmlns:math="http://exslt.org/math" xmlns:testng="http://testng.org">
   <head>
      <title>TestNG Results</title>
      <meta http-equiv="content-type" content="text/html; charset=utf-8"></meta>
      <meta http-equiv="pragma" content="no-cache"></meta>
      <meta http-equiv="cache-control" content="max-age=0"></meta>
      <meta http-equiv="cache-control" content="no-cache"></meta>
      <meta http-equiv="cache-control" content="no-store"></meta>
      <LINK rel="stylesheet" href="style.css"></LINK>
      <script type="text/javascript" src="main.js"></script>
   </head>
   <body>
      <table width="100%" style="font-size: 16px; margin-bottom: 10px;" cellspacing="1">
         <tr>
            <td width="100%">
               All methods in suite
               
               <b>SuiteName</b>
            </td>
            <td style="background-color: #FFBBBB; padding: 3px 3px 3px 0;" align="center">
               <div style="width: 50px;">1</div>
            </td>
            <td style="background-color: lightgreen; padding: 3px 3px 3px 0;" align="center">
               <div style="width: 50px;">3</div>
            </td>
            <td style="background-color: #FFFFBB; padding: 3px 3px 3px 0;" align="center">
               <div style="width: 50px;">0</div>
            </td>
            <td align="center" style="background-color: #eaf0f7; padding: 3px 3px 3px 0;">
               <div style="width: 50px;">4</div>
            </td>
            <td align="center"
                style="font-weight: bold; background-color: #eaf0f7; padding: 3px 3px 3px 0;">
               <div style="width: 50px;">75%</div>
            </td>
            <td style="background-color: #eaf0f7; padding: 3px 3px 3px 0;" align="center"
                nowrap="true">59s
               
            </td>
         </tr>
      </table>
      <div style="width: 200px;">
         <label for="groupMethodsCheckBox" style="font-weight: bold; margin: 0;">
            <input id="groupMethodsCheckBox" type="checkbox" onclick="switchTestMethodsView(this)"></input>
            Group by class
            
         </label>
         <br></br>
         <label for="methodsFilter_ALL" style="font-weight: bold; margin: 0;">
            <input id="methodsFilter_ALL" type="checkbox"
                   onclick="testMethodsFilterChanged(this, 'ALL')"></input>
            All
            
         </label>
      </div>
      <label for="methodsFilter_FAIL" style="margin-left: 20px;">
         <input id="methodsFilter_FAIL" type="checkbox"
                onclick="testMethodsFilterChanged(this, 'FAIL')"
                checked=""></input>
         Failed
         
      </label>
      <label for="methodsFilter_PASS">
         <input id="methodsFilter_PASS" type="checkbox"
                onclick="testMethodsFilterChanged(this, 'PASS')"
                checked=""></input>
         Passed
         
      </label>
      <label for="methodsFilter_SKIP">
         <input id="methodsFilter_SKIP" type="checkbox"
                onclick="testMethodsFilterChanged(this, 'SKIP')"
                checked=""></input>
         Skipped
         
      </label>
      <label for="methodsFilter_CONF">
         <input id="methodsFilter_CONF" type="checkbox"
                onclick="testMethodsFilterChanged(this, 'CONF')"></input>
         Config
         
      </label>
      <br></br>
      <div id="testMethodsByStatus">
         <table class="testMethodsTable" cellpadding="0" cellspacing="0">
            <tr class="methodsTableHeader">
               <td width="100%">Name</td>
               <td nowrap="true">Started</td>
               <td nowrap="true">Duration</td>
               <td>Exception</td>
            </tr>
            <tr id="com.selenium.pom.testcases.LoginTest_testLogin_byStatus_failed_FAIL1_row"
                class="testMethodStatusFAIL">
               <td width="100%" class="firstMethodCell">
                  <a onclick="toggleDetailsVisibility('com.selenium.pom.testcases.LoginTest_testLogin_byStatus_failed_FAIL1_details')">testLogin({Username=nagaraj_sammeta@yahoo.com, ExpectedResult=Success, Password=xxxxxxx, Runmode=Y, Browser=Chrome})</a>
               </td>
               <td nowrap="true">16:00:49</td>
               <td nowrap="true" align="right">20s
                  
               </td>
               <td nowrap="true">
                  <a onclick="toggleDetailsVisibility('com.selenium.pom.testcases.LoginTest_testLogin_byStatus_failed_FAIL1_exception')">java.lang.NullPointerException: </a>
                   
                  
               </td>
            </tr>
            <tr>
               <td colspan="4" class="detailsBox">
                  <div id="com.selenium.pom.testcases.LoginTest_testLogin_byStatus_failed_FAIL1_details"
                       class="testMethodDetails">
                     <div>
                        <b>Name: </b>testLogin
                     </div>
                     <div>
                        <b>Signature: </b>testLogin(java.util.Hashtable)[pri:0, instance:com.selenium.pom.testcases.LoginTest@7eac9008]
                     </div>
                     <div>
                        <b>Parameters: </b>
                        
                        {Username=nagaraj_sammeta@yahoo.com, ExpectedResult=Success, Password=xxxxxxx, Runmode=Y, Browser=Chrome}
                        
                        
                     </div>
                     <div>
                        <b>Start time: </b>16:00:49
                     </div>
                     <div>
                        <b>End time: </b>16:01:09
                     </div>
                     <div>
                        <b>Duration: </b>20s
                        
                     </div>
                  </div>
               </td>
            </tr>
            <tr>
               <td colspan="4" class="detailsBox">
                  <div id="com.selenium.pom.testcases.LoginTest_testLogin_byStatus_failed_FAIL1_exception"
                       class="testMethodDetails">
                     <pre style="padding: 5px; margin: 0;">java.lang.NullPointerException
                        	at org.openqa.selenium.remote.RemoteWebDriver.findElements(RemoteWebDriver.java:397)
                        	at org.openqa.selenium.remote.RemoteWebDriver.findElementsByXPath(RemoteWebDriver.java:504)
                        	at org.openqa.selenium.By$ByXPath.findElements(By.java:356)
                        	at org.openqa.selenium.remote.RemoteWebDriver.findElements(RemoteWebDriver.java:351)
                        	at com.selenium.pom.base.BasePage.isElementPresent(BasePage.java:44)
                        	at com.selenium.pom.pages.LoginPage.doLogin(LoginPage.java:34)
                        	at com.selenium.pom.testcases.LoginTest.testLogin(LoginTest.java:38)
                        	at sun.reflect.NativeMethodAccessorImpl.invoke0(Native Method)
                        	at sun.reflect.NativeMethodAccessorImpl.invoke(Unknown Source)
                        	at sun.reflect.DelegatingMethodAccessorImpl.invoke(Unknown Source)
                        	at java.lang.reflect.Method.invoke(Unknown Source)
                        	at org.testng.internal.MethodInvocationHelper.invokeMethod(MethodInvocationHelper.java:85)
                        	at org.testng.internal.Invoker.invokeMethod(Invoker.java:639)
                        	at org.testng.internal.Invoker.invokeTestMethod(Invoker.java:821)
                        	at org.testng.internal.Invoker.invokeTestMethods(Invoker.java:1131)
                        	at org.testng.internal.TestMethodWorker.invokeTestMethods(TestMethodWorker.java:124)
                        	at org.testng.internal.TestMethodWorker.run(TestMethodWorker.java:108)
                        	at org.testng.TestRunner.privateRun(TestRunner.java:773)
                        	at org.testng.TestRunner.run(TestRunner.java:623)
                        	at org.testng.SuiteRunner.runTest(SuiteRunner.java:357)
                        	at org.testng.SuiteRunner.access$000(SuiteRunner.java:39)
                        	at org.testng.SuiteRunner$SuiteWorker.run(SuiteRunner.java:391)
                        	at org.testng.internal.thread.ThreadUtil$2.call(ThreadUtil.java:64)
                        	at java.util.concurrent.FutureTask.run(Unknown Source)
                        	at java.util.concurrent.ThreadPoolExecutor.runWorker(Unknown Source)
                        	at java.util.concurrent.ThreadPoolExecutor$Worker.run(Unknown Source)
                        	at java.lang.Thread.run(Unknown Source)
                     </pre>
                  </div>
               </td>
            </tr>
            <tr id="com.selenium.pom.testcases.ChangePasswordTest_changePasswordTest_byStatus_passed_PASS1_row"
                class="testMethodStatusPASS">
               <td width="100%" class="firstMethodCell">
                  <a onclick="toggleDetailsVisibility('com.selenium.pom.testcases.ChangePasswordTest_changePasswordTest_byStatus_passed_PASS1_details')">changePasswordTest({NewPassword=vinaysrinu123, Username=nagaraj_sammeta@yahoo.com, OldPassword=rishika123, ExpectedResult=Success,
                     Runmode=Y, Browser=Mozilla})
                  </a>
               </td>
               <td nowrap="true">16:00:11</td>
               <td nowrap="true" align="right">35s
                  
               </td>
               <td nowrap="true">
                   
                  
               </td>
            </tr>
            <tr>
               <td colspan="4" class="detailsBox">
                  <div id="com.selenium.pom.testcases.ChangePasswordTest_changePasswordTest_byStatus_passed_PASS1_details"
                       class="testMethodDetails">
                     <div>
                        <b>Name: </b>changePasswordTest
                     </div>
                     <div>
                        <b>Signature: </b>changePasswordTest(java.util.Hashtable)[pri:0, instance:com.selenium.pom.testcases.ChangePasswordTest@4961f6af]
                     </div>
                     <div>
                        <b>Parameters: </b>
                        
                        {NewPassword=vinaysrinu123, Username=nagaraj_sammeta@yahoo.com, OldPassword=rishika123, ExpectedResult=Success, Runmode=Y,
                        Browser=Mozilla}
                        
                        
                     </div>
                     <div>
                        <b>Start time: </b>16:00:11
                     </div>
                     <div>
                        <b>End time: </b>16:00:46
                     </div>
                     <div>
                        <b>Duration: </b>35s
                        
                     </div>
                  </div>
               </td>
            </tr>
            <tr></tr>
            <tr id="com.selenium.pom.testcases.ChangePasswordTest_quit_byStatus_passed_PASS2_row"
                class="testMethodStatusPASS testMethodStatusCONF">
               <td width="100%" class="firstMethodCell">
                  <a onclick="toggleDetailsVisibility('com.selenium.pom.testcases.ChangePasswordTest_quit_byStatus_passed_PASS2_details')">quit()</a>
               </td>
               <td nowrap="true">16:00:46</td>
               <td nowrap="true" align="right">2s
                  
               </td>
               <td nowrap="true">
                   
                  
               </td>
            </tr>
            <tr>
               <td colspan="4" class="detailsBox">
                  <div id="com.selenium.pom.testcases.ChangePasswordTest_quit_byStatus_passed_PASS2_details"
                       class="testMethodDetails">
                     <div>
                        <b>Name: </b>quit
                     </div>
                     <div>
                        <b>Signature: </b>quit()[pri:0, instance:com.selenium.pom.testcases.ChangePasswordTest@4961f6af]
                     </div>
                     <div>
                        <b>Start time: </b>16:00:46
                     </div>
                     <div>
                        <b>End time: </b>16:00:47
                     </div>
                     <div>
                        <b>Duration: </b>2s
                        
                     </div>
                  </div>
               </td>
            </tr>
            <tr></tr>
            <tr id="com.selenium.pom.testcases.ProfileTest_testProfile_byStatus_passed_PASS3_row"
                class="testMethodStatusPASS">
               <td width="100%" class="firstMethodCell">
                  <a onclick="toggleDetailsVisibility('com.selenium.pom.testcases.ProfileTest_testProfile_byStatus_passed_PASS3_details')">testProfile()</a>
               </td>
               <td nowrap="true">16:00:11</td>
               <td nowrap="true" align="right">37s
                  
               </td>
               <td nowrap="true">
                   
                  
               </td>
            </tr>
            <tr>
               <td colspan="4" class="detailsBox">
                  <div id="com.selenium.pom.testcases.ProfileTest_testProfile_byStatus_passed_PASS3_details"
                       class="testMethodDetails">
                     <div>
                        <b>Name: </b>testProfile
                     </div>
                     <div>
                        <b>Signature: </b>testProfile()[pri:0, instance:com.selenium.pom.testcases.ProfileTest@37ceb1df]
                     </div>
                     <div>
                        <b>Start time: </b>16:00:11
                     </div>
                     <div>
                        <b>End time: </b>16:00:48
                     </div>
                     <div>
                        <b>Duration: </b>37s
                        
                     </div>
                  </div>
               </td>
            </tr>
            <tr></tr>
            <tr id="com.selenium.pom.testcases.ProfileTest_quit_byStatus_passed_PASS4_row"
                class="testMethodStatusPASS testMethodStatusCONF">
               <td width="100%" class="firstMethodCell">
                  <a onclick="toggleDetailsVisibility('com.selenium.pom.testcases.ProfileTest_quit_byStatus_passed_PASS4_details')">quit()</a>
               </td>
               <td nowrap="true">16:00:48</td>
               <td nowrap="true" align="right">350 ms
                  
               </td>
               <td nowrap="true">
                   
                  
               </td>
            </tr>
            <tr>
               <td colspan="4" class="detailsBox">
                  <div id="com.selenium.pom.testcases.ProfileTest_quit_byStatus_passed_PASS4_details"
                       class="testMethodDetails">
                     <div>
                        <b>Name: </b>quit
                     </div>
                     <div>
                        <b>Signature: </b>quit()[pri:0, instance:com.selenium.pom.testcases.ProfileTest@37ceb1df]
                     </div>
                     <div>
                        <b>Start time: </b>16:00:48
                     </div>
                     <div>
                        <b>End time: </b>16:00:48
                     </div>
                     <div>
                        <b>Duration: </b>350 ms
                        
                     </div>
                  </div>
               </td>
            </tr>
            <tr></tr>
            <tr id="com.selenium.pom.testcases.LoginTest_testLogin_byStatus_passed_PASS5_row"
                class="testMethodStatusPASS">
               <td width="100%" class="firstMethodCell">
                  <a onclick="toggleDetailsVisibility('com.selenium.pom.testcases.LoginTest_testLogin_byStatus_passed_PASS5_details')">testLogin({Username=nagaraj_sammeta@yahoo.com, ExpectedResult=Success, Password=rishika123, Runmode=Y, Browser=Mozilla})</a>
               </td>
               <td nowrap="true">16:00:11</td>
               <td nowrap="true" align="right">38s
                  
               </td>
               <td nowrap="true">
                   
                  
               </td>
            </tr>
            <tr>
               <td colspan="4" class="detailsBox">
                  <div id="com.selenium.pom.testcases.LoginTest_testLogin_byStatus_passed_PASS5_details"
                       class="testMethodDetails">
                     <div>
                        <b>Name: </b>testLogin
                     </div>
                     <div>
                        <b>Signature: </b>testLogin(java.util.Hashtable)[pri:0, instance:com.selenium.pom.testcases.LoginTest@7eac9008]
                     </div>
                     <div>
                        <b>Parameters: </b>
                        
                        {Username=nagaraj_sammeta@yahoo.com, ExpectedResult=Success, Password=rishika123, Runmode=Y, Browser=Mozilla}
                        
                        
                     </div>
                     <div>
                        <b>Start time: </b>16:00:11
                     </div>
                     <div>
                        <b>End time: </b>16:00:49
                     </div>
                     <div>
                        <b>Duration: </b>38s
                        
                     </div>
                  </div>
               </td>
            </tr>
            <tr></tr>
            <tr id="com.selenium.pom.testcases.LoginTest_quit_byStatus_passed_PASS6_row"
                class="testMethodStatusPASS testMethodStatusCONF">
               <td width="100%" class="firstMethodCell">
                  <a onclick="toggleDetailsVisibility('com.selenium.pom.testcases.LoginTest_quit_byStatus_passed_PASS6_details')">quit()</a>
               </td>
               <td nowrap="true">16:00:49</td>
               <td nowrap="true" align="right">283 ms
                  
               </td>
               <td nowrap="true">
                   
                  
               </td>
            </tr>
            <tr>
               <td colspan="4" class="detailsBox">
                  <div id="com.selenium.pom.testcases.LoginTest_quit_byStatus_passed_PASS6_details"
                       class="testMethodDetails">
                     <div>
                        <b>Name: </b>quit
                     </div>
                     <div>
                        <b>Signature: </b>quit()[pri:0, instance:com.selenium.pom.testcases.LoginTest@7eac9008]
                     </div>
                     <div>
                        <b>Start time: </b>16:00:49
                     </div>
                     <div>
                        <b>End time: </b>16:00:49
                     </div>
                     <div>
                        <b>Duration: </b>283 ms
                        
                     </div>
                  </div>
               </td>
            </tr>
            <tr></tr>
            <tr id="com.selenium.pom.testcases.LoginTest_quit_byStatus_passed_PASS7_row"
                class="testMethodStatusPASS testMethodStatusCONF">
               <td width="100%" class="firstMethodCell">
                  <a onclick="toggleDetailsVisibility('com.selenium.pom.testcases.LoginTest_quit_byStatus_passed_PASS7_details')">quit()</a>
               </td>
               <td nowrap="true">16:01:09</td>
               <td nowrap="true" align="right">690 ms
                  
               </td>
               <td nowrap="true">
                   
                  
               </td>
            </tr>
            <tr>
               <td colspan="4" class="detailsBox">
                  <div id="com.selenium.pom.testcases.LoginTest_quit_byStatus_passed_PASS7_details"
                       class="testMethodDetails">
                     <div>
                        <b>Name: </b>quit
                     </div>
                     <div>
                        <b>Signature: </b>quit()[pri:0, instance:com.selenium.pom.testcases.LoginTest@7eac9008]
                     </div>
                     <div>
                        <b>Start time: </b>16:01:09
                     </div>
                     <div>
                        <b>End time: </b>16:01:10
                     </div>
                     <div>
                        <b>Duration: </b>690 ms
                        
                     </div>
                  </div>
               </td>
            </tr>
            <tr></tr>
         </table>
      </div>
      <div id="testMethodsByClass" style="display: none;">
         <table class="testMethodsTable" cellpadding="0" cellspacing="0">
            <tr>
               <td colspan="4">
                  <h3 style="display: inline;">com.selenium.pom.testcases.ChangePasswordTest</h3>
               </td>
            </tr>
            <tr class="methodsTableHeader">
               <td width="100%">Name</td>
               <td nowrap="true">Started</td>
               <td nowrap="true">Duration</td>
               <td>Exception</td>
            </tr>
            <tr id="com.selenium.pom.testcases.ChangePasswordTest_changePasswordTest_byClass_PASS1_row"
                class="testMethodStatusPASS">
               <td width="100%" class="firstMethodCell">
                  <a onclick="toggleDetailsVisibility('com.selenium.pom.testcases.ChangePasswordTest_changePasswordTest_byClass_PASS1_details')">changePasswordTest({NewPassword=vinaysrinu123, Username=nagaraj_sammeta@yahoo.com, OldPassword=rishika123, ExpectedResult=Success,
                     Runmode=Y, Browser=Mozilla})
                  </a>
               </td>
               <td nowrap="true">16:00:11</td>
               <td nowrap="true" align="right">35s
                  
               </td>
               <td nowrap="true">
                   
                  
               </td>
            </tr>
            <tr>
               <td colspan="4" class="detailsBox">
                  <div id="com.selenium.pom.testcases.ChangePasswordTest_changePasswordTest_byClass_PASS1_details"
                       class="testMethodDetails">
                     <div>
                        <b>Name: </b>changePasswordTest
                     </div>
                     <div>
                        <b>Signature: </b>changePasswordTest(java.util.Hashtable)[pri:0, instance:com.selenium.pom.testcases.ChangePasswordTest@4961f6af]
                     </div>
                     <div>
                        <b>Parameters: </b>
                        
                        {NewPassword=vinaysrinu123, Username=nagaraj_sammeta@yahoo.com, OldPassword=rishika123, ExpectedResult=Success, Runmode=Y,
                        Browser=Mozilla}
                        
                        
                     </div>
                     <div>
                        <b>Start time: </b>16:00:11
                     </div>
                     <div>
                        <b>End time: </b>16:00:46
                     </div>
                     <div>
                        <b>Duration: </b>35s
                        
                     </div>
                  </div>
               </td>
            </tr>
            <tr></tr>
            <tr id="com.selenium.pom.testcases.ChangePasswordTest_quit_byClass_PASS2_row"
                class="testMethodStatusPASS testMethodStatusCONF">
               <td width="100%" class="firstMethodCell">
                  <a onclick="toggleDetailsVisibility('com.selenium.pom.testcases.ChangePasswordTest_quit_byClass_PASS2_details')">quit()</a>
               </td>
               <td nowrap="true">16:00:46</td>
               <td nowrap="true" align="right">2s
                  
               </td>
               <td nowrap="true">
                   
                  
               </td>
            </tr>
            <tr>
               <td colspan="4" class="detailsBox">
                  <div id="com.selenium.pom.testcases.ChangePasswordTest_quit_byClass_PASS2_details"
                       class="testMethodDetails">
                     <div>
                        <b>Name: </b>quit
                     </div>
                     <div>
                        <b>Signature: </b>quit()[pri:0, instance:com.selenium.pom.testcases.ChangePasswordTest@4961f6af]
                     </div>
                     <div>
                        <b>Start time: </b>16:00:46
                     </div>
                     <div>
                        <b>End time: </b>16:00:47
                     </div>
                     <div>
                        <b>Duration: </b>2s
                        
                     </div>
                  </div>
               </td>
            </tr>
            <tr></tr>
         </table>
         <br></br>
         <table class="testMethodsTable" cellpadding="0" cellspacing="0">
            <tr>
               <td colspan="4">
                  <h3 style="display: inline;">com.selenium.pom.testcases.LoginTest</h3>
               </td>
            </tr>
            <tr class="methodsTableHeader">
               <td width="100%">Name</td>
               <td nowrap="true">Started</td>
               <td nowrap="true">Duration</td>
               <td>Exception</td>
            </tr>
            <tr id="com.selenium.pom.testcases.LoginTest_testLogin_byClass_PASS1_row"
                class="testMethodStatusPASS">
               <td width="100%" class="firstMethodCell">
                  <a onclick="toggleDetailsVisibility('com.selenium.pom.testcases.LoginTest_testLogin_byClass_PASS1_details')">testLogin({Username=nagaraj_sammeta@yahoo.com, ExpectedResult=Success, Password=rishika123, Runmode=Y, Browser=Mozilla})</a>
               </td>
               <td nowrap="true">16:00:11</td>
               <td nowrap="true" align="right">38s
                  
               </td>
               <td nowrap="true">
                   
                  
               </td>
            </tr>
            <tr>
               <td colspan="4" class="detailsBox">
                  <div id="com.selenium.pom.testcases.LoginTest_testLogin_byClass_PASS1_details"
                       class="testMethodDetails">
                     <div>
                        <b>Name: </b>testLogin
                     </div>
                     <div>
                        <b>Signature: </b>testLogin(java.util.Hashtable)[pri:0, instance:com.selenium.pom.testcases.LoginTest@7eac9008]
                     </div>
                     <div>
                        <b>Parameters: </b>
                        
                        {Username=nagaraj_sammeta@yahoo.com, ExpectedResult=Success, Password=rishika123, Runmode=Y, Browser=Mozilla}
                        
                        
                     </div>
                     <div>
                        <b>Start time: </b>16:00:11
                     </div>
                     <div>
                        <b>End time: </b>16:00:49
                     </div>
                     <div>
                        <b>Duration: </b>38s
                        
                     </div>
                  </div>
               </td>
            </tr>
            <tr></tr>
            <tr id="com.selenium.pom.testcases.LoginTest_quit_byClass_PASS2_row"
                class="testMethodStatusPASS testMethodStatusCONF">
               <td width="100%" class="firstMethodCell">
                  <a onclick="toggleDetailsVisibility('com.selenium.pom.testcases.LoginTest_quit_byClass_PASS2_details')">quit()</a>
               </td>
               <td nowrap="true">16:00:49</td>
               <td nowrap="true" align="right">283 ms
                  
               </td>
               <td nowrap="true">
                   
                  
               </td>
            </tr>
            <tr>
               <td colspan="4" class="detailsBox">
                  <div id="com.selenium.pom.testcases.LoginTest_quit_byClass_PASS2_details"
                       class="testMethodDetails">
                     <div>
                        <b>Name: </b>quit
                     </div>
                     <div>
                        <b>Signature: </b>quit()[pri:0, instance:com.selenium.pom.testcases.LoginTest@7eac9008]
                     </div>
                     <div>
                        <b>Start time: </b>16:00:49
                     </div>
                     <div>
                        <b>End time: </b>16:00:49
                     </div>
                     <div>
                        <b>Duration: </b>283 ms
                        
                     </div>
                  </div>
               </td>
            </tr>
            <tr></tr>
            <tr id="com.selenium.pom.testcases.LoginTest_testLogin_byClass_FAIL3_row"
                class="testMethodStatusFAIL">
               <td width="100%" class="firstMethodCell">
                  <a onclick="toggleDetailsVisibility('com.selenium.pom.testcases.LoginTest_testLogin_byClass_FAIL3_details')">testLogin({Username=nagaraj_sammeta@yahoo.com, ExpectedResult=Success, Password=xxxxxxx, Runmode=Y, Browser=Chrome})</a>
               </td>
               <td nowrap="true">16:00:49</td>
               <td nowrap="true" align="right">20s
                  
               </td>
               <td nowrap="true">
                  <a onclick="toggleDetailsVisibility('com.selenium.pom.testcases.LoginTest_testLogin_byClass_FAIL3_exception')">java.lang.NullPointerException: </a>
                   
                  
               </td>
            </tr>
            <tr>
               <td colspan="4" class="detailsBox">
                  <div id="com.selenium.pom.testcases.LoginTest_testLogin_byClass_FAIL3_details"
                       class="testMethodDetails">
                     <div>
                        <b>Name: </b>testLogin
                     </div>
                     <div>
                        <b>Signature: </b>testLogin(java.util.Hashtable)[pri:0, instance:com.selenium.pom.testcases.LoginTest@7eac9008]
                     </div>
                     <div>
                        <b>Parameters: </b>
                        
                        {Username=nagaraj_sammeta@yahoo.com, ExpectedResult=Success, Password=xxxxxxx, Runmode=Y, Browser=Chrome}
                        
                        
                     </div>
                     <div>
                        <b>Start time: </b>16:00:49
                     </div>
                     <div>
                        <b>End time: </b>16:01:09
                     </div>
                     <div>
                        <b>Duration: </b>20s
                        
                     </div>
                  </div>
               </td>
            </tr>
            <tr>
               <td colspan="4" class="detailsBox">
                  <div id="com.selenium.pom.testcases.LoginTest_testLogin_byClass_FAIL3_exception"
                       class="testMethodDetails">
                     <pre style="padding: 5px; margin: 0;">java.lang.NullPointerException
                        	at org.openqa.selenium.remote.RemoteWebDriver.findElements(RemoteWebDriver.java:397)
                        	at org.openqa.selenium.remote.RemoteWebDriver.findElementsByXPath(RemoteWebDriver.java:504)
                        	at org.openqa.selenium.By$ByXPath.findElements(By.java:356)
                        	at org.openqa.selenium.remote.RemoteWebDriver.findElements(RemoteWebDriver.java:351)
                        	at com.selenium.pom.base.BasePage.isElementPresent(BasePage.java:44)
                        	at com.selenium.pom.pages.LoginPage.doLogin(LoginPage.java:34)
                        	at com.selenium.pom.testcases.LoginTest.testLogin(LoginTest.java:38)
                        	at sun.reflect.NativeMethodAccessorImpl.invoke0(Native Method)
                        	at sun.reflect.NativeMethodAccessorImpl.invoke(Unknown Source)
                        	at sun.reflect.DelegatingMethodAccessorImpl.invoke(Unknown Source)
                        	at java.lang.reflect.Method.invoke(Unknown Source)
                        	at org.testng.internal.MethodInvocationHelper.invokeMethod(MethodInvocationHelper.java:85)
                        	at org.testng.internal.Invoker.invokeMethod(Invoker.java:639)
                        	at org.testng.internal.Invoker.invokeTestMethod(Invoker.java:821)
                        	at org.testng.internal.Invoker.invokeTestMethods(Invoker.java:1131)
                        	at org.testng.internal.TestMethodWorker.invokeTestMethods(TestMethodWorker.java:124)
                        	at org.testng.internal.TestMethodWorker.run(TestMethodWorker.java:108)
                        	at org.testng.TestRunner.privateRun(TestRunner.java:773)
                        	at org.testng.TestRunner.run(TestRunner.java:623)
                        	at org.testng.SuiteRunner.runTest(SuiteRunner.java:357)
                        	at org.testng.SuiteRunner.access$000(SuiteRunner.java:39)
                        	at org.testng.SuiteRunner$SuiteWorker.run(SuiteRunner.java:391)
                        	at org.testng.internal.thread.ThreadUtil$2.call(ThreadUtil.java:64)
                        	at java.util.concurrent.FutureTask.run(Unknown Source)
                        	at java.util.concurrent.ThreadPoolExecutor.runWorker(Unknown Source)
                        	at java.util.concurrent.ThreadPoolExecutor$Worker.run(Unknown Source)
                        	at java.lang.Thread.run(Unknown Source)
                     </pre>
                  </div>
               </td>
            </tr>
            <tr id="com.selenium.pom.testcases.LoginTest_quit_byClass_PASS4_row"
                class="testMethodStatusPASS testMethodStatusCONF">
               <td width="100%" class="firstMethodCell">
                  <a onclick="toggleDetailsVisibility('com.selenium.pom.testcases.LoginTest_quit_byClass_PASS4_details')">quit()</a>
               </td>
               <td nowrap="true">16:01:09</td>
               <td nowrap="true" align="right">690 ms
                  
               </td>
               <td nowrap="true">
                   
                  
               </td>
            </tr>
            <tr>
               <td colspan="4" class="detailsBox">
                  <div id="com.selenium.pom.testcases.LoginTest_quit_byClass_PASS4_details"
                       class="testMethodDetails">
                     <div>
                        <b>Name: </b>quit
                     </div>
                     <div>
                        <b>Signature: </b>quit()[pri:0, instance:com.selenium.pom.testcases.LoginTest@7eac9008]
                     </div>
                     <div>
                        <b>Start time: </b>16:01:09
                     </div>
                     <div>
                        <b>End time: </b>16:01:10
                     </div>
                     <div>
                        <b>Duration: </b>690 ms
                        
                     </div>
                  </div>
               </td>
            </tr>
            <tr></tr>
         </table>
         <br></br>
         <table class="testMethodsTable" cellpadding="0" cellspacing="0">
            <tr>
               <td colspan="4">
                  <h3 style="display: inline;">com.selenium.pom.testcases.ProfileTest</h3>
               </td>
            </tr>
            <tr class="methodsTableHeader">
               <td width="100%">Name</td>
               <td nowrap="true">Started</td>
               <td nowrap="true">Duration</td>
               <td>Exception</td>
            </tr>
            <tr id="com.selenium.pom.testcases.ProfileTest_testProfile_byClass_PASS1_row"
                class="testMethodStatusPASS">
               <td width="100%" class="firstMethodCell">
                  <a onclick="toggleDetailsVisibility('com.selenium.pom.testcases.ProfileTest_testProfile_byClass_PASS1_details')">testProfile()</a>
               </td>
               <td nowrap="true">16:00:11</td>
               <td nowrap="true" align="right">37s
                  
               </td>
               <td nowrap="true">
                   
                  
               </td>
            </tr>
            <tr>
               <td colspan="4" class="detailsBox">
                  <div id="com.selenium.pom.testcases.ProfileTest_testProfile_byClass_PASS1_details"
                       class="testMethodDetails">
                     <div>
                        <b>Name: </b>testProfile
                     </div>
                     <div>
                        <b>Signature: </b>testProfile()[pri:0, instance:com.selenium.pom.testcases.ProfileTest@37ceb1df]
                     </div>
                     <div>
                        <b>Start time: </b>16:00:11
                     </div>
                     <div>
                        <b>End time: </b>16:00:48
                     </div>
                     <div>
                        <b>Duration: </b>37s
                        
                     </div>
                  </div>
               </td>
            </tr>
            <tr></tr>
            <tr id="com.selenium.pom.testcases.ProfileTest_quit_byClass_PASS2_row"
                class="testMethodStatusPASS testMethodStatusCONF">
               <td width="100%" class="firstMethodCell">
                  <a onclick="toggleDetailsVisibility('com.selenium.pom.testcases.ProfileTest_quit_byClass_PASS2_details')">quit()</a>
               </td>
               <td nowrap="true">16:00:48</td>
               <td nowrap="true" align="right">350 ms
                  
               </td>
               <td nowrap="true">
                   
                  
               </td>
            </tr>
            <tr>
               <td colspan="4" class="detailsBox">
                  <div id="com.selenium.pom.testcases.ProfileTest_quit_byClass_PASS2_details"
                       class="testMethodDetails">
                     <div>
                        <b>Name: </b>quit
                     </div>
                     <div>
                        <b>Signature: </b>quit()[pri:0, instance:com.selenium.pom.testcases.ProfileTest@37ceb1df]
                     </div>
                     <div>
                        <b>Start time: </b>16:00:48
                     </div>
                     <div>
                        <b>End time: </b>16:00:48
                     </div>
                     <div>
                        <b>Duration: </b>350 ms
                        
                     </div>
                  </div>
               </td>
            </tr>
            <tr></tr>
         </table>
         <br></br>
      </div>
      <div style="margin-top: 15px; color: gray; text-align: center; font-size: 9px;">
         Generated with
         
         <a href="http://code.google.com/p/testng-xslt/" style="color: #8888aa;"
            target="_blank">
            TestNG XSLT
            
         </a>
      </div>
   </body>
</html>