<!DOCTYPE html PUBLIC "-//W3C//DTD XHTML 1.1//EN" "http://www.w3.org/TR/xhtml11/DTD/xhtml11.dtd">
<html xmlns="http://www.w3.org/1999/xhtml"><head><title>TestNG Report</title><style type="text/css">table {margin-bottom:10px;border-collapse:collapse;empty-cells:show}th,td {border:1px solid #009;padding:.25em .5em}th {vertical-align:bottom}td {vertical-align:top}table a {font-weight:bold}.stripe td {background-color: #E6EBF9}.num {text-align:right}.passedodd td {background-color: #3F3}.passedeven td {background-color: #0A0}.skippedodd td {background-color: #DDD}.skippedeven td {background-color: #CCC}.failedodd td,.attn {background-color: #F33}.failedeven td,.stripe .attn {background-color: #D00}.stacktrace {white-space:pre;font-family:monospace}.totop {font-size:85%;text-align:center;border-bottom:2px solid #000}</style></head><body><table><tr><th>Test</th><th># Passed</th><th># Skipped</th><th># Failed</th><th>Time (ms)</th><th>Included Groups</th><th>Excluded Groups</th></tr><tr><th colspan="7">Command line suite</th></tr><tr><td><a href="#t0">Command line test</a></td><td class="num">0</td><td class="num attn">4</td><td class="num">0</td><td class="num">354</td><td></td><td></td></tr></table><table><thead><tr><th>Class</th><th>Method</th><th>Start</th><th>Time (ms)</th></tr></thead><tbody><tr><th colspan="4">Command line suite</th></tr></tbody><tbody id="t0"><tr><th colspan="4">Command line test &#8212; skipped</th></tr><tr class="skippedeven"><td rowspan="1">com.selenium.pom.testcases.ChangePasswordTest</td><td><a href="#m0">changePasswordTest</a></td><td rowspan="1">1492082301459</td><td rowspan="1">7</td></tr><tr class="skippedodd"><td rowspan="2">com.selenium.pom.testcases.LoginTest</td><td><a href="#m1">testLogin</a></td><td rowspan="2">1492082301694</td><td rowspan="2">0</td></tr><tr class="skippedodd"><td><a href="#m2">testLogin</a></td></tr><tr class="skippedeven"><td rowspan="1">com.selenium.pom.testcases.ProfileTest</td><td><a href="#m3">testProfile</a></td><td rowspan="1">1492082301765</td><td rowspan="1">0</td></tr></tbody></table><h2>Command line test</h2><h3 id="m0">com.selenium.pom.testcases.ChangePasswordTest#changePasswordTest</h3><table class="result"><tr class="param"><th>Parameter #1</th></tr><tr class="param stripe"><td>{NewPassword=rishika123, Username=nagaraj_sammeta@yahoo.com, OldPassword=vinaysrinu1, ExpectedResult=Success, Runmode=Y, Browser=Mozilla}</td></tr><tr><th>Exception</th></tr><tr><td><div class="stacktrace">org.testng.SkipException: Skipping the test as Runmode is N
	at com.selenium.pom.testcases.ChangePasswordTest.changePasswordTest(ChangePasswordTest.java:31)
... Removed 34 stack frames</div></td></tr></table><p class="totop"><a href="#summary">back to summary</a></p><h3 id="m1">com.selenium.pom.testcases.LoginTest#testLogin</h3><table class="result"><tr class="param"><th>Parameter #1</th></tr><tr class="param stripe"><td>{Username=nagaraj_sammeta@yahoo.com, ExpectedResult=Success, Password=vinaysrinu1, Runmode=Y, Browser=Mozilla}</td></tr><tr><th>Exception</th></tr><tr><td><div class="stacktrace">org.testng.SkipException: Skipping the test as Runmode is N
	at com.selenium.pom.testcases.LoginTest.testLogin(LoginTest.java:29)
... Removed 34 stack frames</div></td></tr></table><p class="totop"><a href="#summary">back to summary</a></p><h3 id="m2">com.selenium.pom.testcases.LoginTest#testLogin</h3><table class="result"><tr class="param"><th>Parameter #1</th></tr><tr class="param stripe"><td>{Username=nagaraj_sammeta@yahoo.com, ExpectedResult=Success, Password=xxxxxxx, Runmode=Y, Browser=Chrome}</td></tr><tr><th>Exception</th></tr><tr><td><div class="stacktrace">org.testng.SkipException: Skipping the test as Runmode is N
	at com.selenium.pom.testcases.LoginTest.testLogin(LoginTest.java:29)
... Removed 34 stack frames</div></td></tr></table><p class="totop"><a href="#summary">back to summary</a></p><h3 id="m3">com.selenium.pom.testcases.ProfileTest#testProfile</h3><table class="result"><tr><th>Exception</th></tr><tr><td><div class="stacktrace">org.testng.SkipException: Skipping the test as Runmode is N
	at com.selenium.pom.testcases.ProfileTest.testProfile(ProfileTest.java:27)
... Removed 34 stack frames</div></td></tr></table><p class="totop"><a href="#summary">back to summary</a></p></body></html>