<?xml version="1.0" encoding="UTF-8" ?>
<testsuite tests="1" failures="1" name="com.selenium.pom.testcases.ProfileTest" time="46.468" errors="0" skipped="0">
  <properties>
    <property name="java.runtime.name" value="Java(TM) SE Runtime Environment"/>
    <property name="sun.boot.library.path" value="C:\Program Files\Java\jdk1.8.0_121\jre\bin"/>
    <property name="java.vm.version" value="25.121-b13"/>
    <property name="java.vm.vendor" value="Oracle Corporation"/>
    <property name="maven.multiModuleProjectDirectory" value="C:\Frameworks\SeleniumFramework\workspace\PageObjectFramework\PageObjectModel"/>
    <property name="java.vendor.url" value="http://java.oracle.com/"/>
    <property name="path.separator" value=";"/>
    <property name="guice.disable.misplaced.annotation.check" value="true"/>
    <property name="java.vm.name" value="Java HotSpot(TM) 64-Bit Server VM"/>
    <property name="file.encoding.pkg" value="sun.io"/>
    <property name="user.script" value=""/>
    <property name="user.country" value="AU"/>
    <property name="sun.java.launcher" value="SUN_STANDARD"/>
    <property name="sun.os.patch.level" value="Service Pack 1"/>
    <property name="java.vm.specification.name" value="Java Virtual Machine Specification"/>
    <property name="user.dir" value="C:\Frameworks\SeleniumFramework\workspace\PageObjectFramework\PageObjectModel"/>
    <property name="java.runtime.version" value="1.8.0_121-b13"/>
    <property name="java.awt.graphicsenv" value="sun.awt.Win32GraphicsEnvironment"/>
    <property name="java.endorsed.dirs" value="C:\Program Files\Java\jdk1.8.0_121\jre\lib\endorsed"/>
    <property name="os.arch" value="amd64"/>
    <property name="java.io.tmpdir" value="C:\Users\User\AppData\Local\Temp\"/>
    <property name="line.separator" value="
"/>
    <property name="java.vm.specification.vendor" value="Oracle Corporation"/>
    <property name="user.variant" value=""/>
    <property name="os.name" value="Windows 7"/>
    <property name="classworlds.conf" value="C:\apache-maven-3.3.9\bin\m2.conf"/>
    <property name="sun.jnu.encoding" value="Cp1252"/>
    <property name="java.library.path" value="C:\Program Files\Java\jdk1.8.0_121\bin;C:\Windows\Sun\Java\bin;C:\Windows\system32;C:\Windows;C:\ProgramData\Oracle\Java\javapath;C:\Windows\system32;C:\Windows;C:\Windows\System32\Wbem;C:\Windows\System32\WindowsPowerShell\v1.0\;C:\Program Files (x86)\Intel\OpenCL SDK\2.0\bin\x86;C:\Program Files (x86)\Intel\OpenCL SDK\2.0\bin\x64;C:\Program Files\Java\jdk1.8.0_121\bin;C:\Appium\sdk\platform-tools;C:\Appium\sdk\tools;C:\apache-maven-3.3.9\bin;C:\Program Files\nodejs\;C:\Program Files (x86)\Subversion\bin;C:\Program Files\TortoiseSVN\bin; C:\Users\User\AppData\Roaming\npm;C:\Python27;C:\Program Files\Microsoft SQL Server\110\Tools\Binn\;C:\Users\User\AppData\Roaming\npm;."/>
    <property name="java.specification.name" value="Java Platform API Specification"/>
    <property name="java.class.version" value="52.0"/>
    <property name="sun.management.compiler" value="HotSpot 64-Bit Tiered Compilers"/>
    <property name="os.version" value="6.1"/>
    <property name="user.home" value="C:\Users\User"/>
    <property name="user.timezone" value="Australia/Sydney"/>
    <property name="java.awt.printerjob" value="sun.awt.windows.WPrinterJob"/>
    <property name="java.specification.version" value="1.8"/>
    <property name="file.encoding" value="Cp1252"/>
    <property name="user.name" value="User"/>
    <property name="java.class.path" value="C:\apache-maven-3.3.9\boot\plexus-classworlds-2.5.2.jar"/>
    <property name="java.vm.specification.version" value="1.8"/>
    <property name="sun.arch.data.model" value="64"/>
    <property name="java.home" value="C:\Program Files\Java\jdk1.8.0_121\jre"/>
    <property name="sun.java.command" value="org.codehaus.plexus.classworlds.launcher.Launcher install"/>
    <property name="java.specification.vendor" value="Oracle Corporation"/>
    <property name="user.language" value="en"/>
    <property name="awt.toolkit" value="sun.awt.windows.WToolkit"/>
    <property name="java.vm.info" value="mixed mode"/>
    <property name="java.version" value="1.8.0_121"/>
    <property name="java.ext.dirs" value="C:\Program Files\Java\jdk1.8.0_121\jre\lib\ext;C:\Windows\Sun\Java\lib\ext"/>
    <property name="sun.boot.class.path" value="C:\Program Files\Java\jdk1.8.0_121\jre\lib\resources.jar;C:\Program Files\Java\jdk1.8.0_121\jre\lib\rt.jar;C:\Program Files\Java\jdk1.8.0_121\jre\lib\sunrsasign.jar;C:\Program Files\Java\jdk1.8.0_121\jre\lib\jsse.jar;C:\Program Files\Java\jdk1.8.0_121\jre\lib\jce.jar;C:\Program Files\Java\jdk1.8.0_121\jre\lib\charsets.jar;C:\Program Files\Java\jdk1.8.0_121\jre\lib\jfr.jar;C:\Program Files\Java\jdk1.8.0_121\jre\classes"/>
    <property name="sun.stderr.encoding" value="cp850"/>
    <property name="java.vendor" value="Oracle Corporation"/>
    <property name="maven.home" value="C:\apache-maven-3.3.9"/>
    <property name="file.separator" value="\"/>
    <property name="java.vendor.url.bug" value="http://bugreport.sun.com/bugreport/"/>
    <property name="sun.cpu.endian" value="little"/>
    <property name="sun.io.unicode.encoding" value="UnicodeLittle"/>
    <property name="sun.stdout.encoding" value="cp850"/>
    <property name="sun.desktop" value="windows"/>
    <property name="sun.cpu.isalist" value="amd64"/>
  </properties>
  <testcase classname="com.selenium.pom.testcases.ProfileTest" name="testProfile" time="46.468">
    <failure message="Failed to connect to binary FirefoxBinary(C:\Program Files (x86)\Mozilla Firefox\firefox.exe) on port 7055; process output follows: 
sion 1.9
1490846683205	addons.xpi	DEBUG	Registering manifest for C:\Program Files (x86)\Mozilla Firefox\browser\features\firefox@getpocket.com.xpi
1490846683206	addons.xpi	DEBUG	Calling bootstrap method startup on firefox@getpocket.com version 1.0.5
1490846683207	addons.xpi	DEBUG	Registering manifest for C:\Program Files (x86)\Mozilla Firefox\browser\features\webcompat@mozilla.org.xpi
1490846683208	addons.xpi	DEBUG	Calling bootstrap method startup on webcompat@mozilla.org version 1.0
1490846683210	addons.manager	DEBUG	Registering shutdown blocker for XPIProvider
1490846683211	addons.manager	DEBUG	Provider finished startup: XPIProvider
1490846683211	addons.manager	DEBUG	Starting provider: LightweightThemeManager
1490846683211	addons.manager	DEBUG	Registering shutdown blocker for LightweightThemeManager
1490846683211	addons.manager	DEBUG	Provider finished startup: LightweightThemeManager
1490846683212	addons.manager	DEBUG	Starting provider: GMPProvider
1490846683219	addons.manager	DEBUG	Registering shutdown blocker for GMPProvider
1490846683219	addons.manager	DEBUG	Provider finished startup: GMPProvider
1490846683219	addons.manager	DEBUG	Starting provider: PluginProvider
1490846683219	addons.manager	DEBUG	Registering shutdown blocker for PluginProvider
1490846683219	addons.manager	DEBUG	Provider finished startup: PluginProvider
1490846683220	addons.manager	DEBUG	Completed startup sequence
1490846685509	DeferredSave.extensions.json	DEBUG	Starting write
1490846685517	addons.manager	DEBUG	Starting provider: &lt;unnamed-provider&gt;
1490846685517	addons.manager	DEBUG	Registering shutdown blocker for &lt;unnamed-provider&gt;
1490846685517	addons.manager	DEBUG	Provider finished startup: &lt;unnamed-provider&gt;
1490846685780	addons.repository	DEBUG	No addons.json found.
1490846685780	DeferredSave.addons.json	DEBUG	Save changes
1490846685783	DeferredSave.addons.json	DEBUG	Starting timer
1490846685815	addons.manager	DEBUG	Starting provider: PreviousExperimentProvider
1490846685815	addons.manager	DEBUG	Registering shutdown blocker for PreviousExperimentProvider
1490846685815	addons.manager	DEBUG	Provider finished startup: PreviousExperimentProvider
1490846685817	DeferredSave.extensions.json	DEBUG	Write succeeded
1490846685818	addons.xpi-utils	DEBUG	XPI Database saved, setting schema version preference to 19
1490846685833	DeferredSave.addons.json	DEBUG	Starting write
1490846685845	DeferredSave.addons.json	DEBUG	Write succeeded
1490846698708	addons.xpi	DEBUG	Calling bootstrap method shutdown on webcompat@mozilla.org version 1.0
1490846698708	addons.xpi	DEBUG	Calling bootstrap method shutdown on firefox@getpocket.com version 1.0.5
1490846698708	addons.xpi	DEBUG	Calling bootstrap method shutdown on e10srollout@mozilla.org version 1.9
1490846698709	addons.xpi	DEBUG	Calling bootstrap method shutdown on deployment-checker@mozilla.org version 1.0
1490846698710	addons.xpi	DEBUG	Calling bootstrap method shutdown on aushelper@mozilla.org version 2.0
[Child 4712] WARNING: pipe error: 109: file c:/builds/moz2_slave/m-rel-w32-00000000000000000000/build/src/ipc/chromium/src/chrome/common/ipc_channel_win.cc, line 345
[Child 4712] WARNING: pipe error: 109: file c:/builds/moz2_slave/m-rel-w32-00000000000000000000/build/src/ipc/chromium/src/chrome/common/ipc_channel_win.cc, line 345
1490846699921	addons.manager	DEBUG	shutdown
1490846699921	addons.manager	DEBUG	Calling shutdown blocker for XPIProvider
1490846699922	addons.xpi	DEBUG	shutdown
1490846699922	addons.xpi-utils	DEBUG	shutdown
1490846699923	addons.manager	DEBUG	Calling shutdown blocker for LightweightThemeManager
1490846699923	addons.manager	DEBUG	Calling shutdown blocker for GMPProvider
1490846699927	addons.manager	DEBUG	Calling shutdown blocker for PluginProvider
1490846699927	addons.manager	DEBUG	Calling shutdown blocker for &lt;unnamed-provider&gt;
1490846699930	addons.manager	DEBUG	Calling shutdown blocker for PreviousExperimentProvider
1490846699933	addons.xpi	DEBUG	Notifying XPI shutdown observers
1490846699938	addons.manager	DEBUG	Async provider shutdown done

Build info: version: &apos;2.53.1&apos;, revision: &apos;a36b8b1cd5757287168e54b817830adce9b0158d&apos;, time: &apos;2016-06-30 19:26:09&apos;
System info: host: &apos;User-PC&apos;, ip: &apos;10.0.0.11&apos;, os.name: &apos;Windows 7&apos;, os.arch: &apos;amd64&apos;, os.version: &apos;6.1&apos;, java.version: &apos;1.8.0_121&apos;
Driver info: driver.version: FirefoxDriver" type="org.openqa.selenium.WebDriverException">org.openqa.selenium.WebDriverException: Failed to connect to binary FirefoxBinary(C:\Program Files (x86)\Mozilla Firefox\firefox.exe) on port 7055; process output follows: 
sion 1.9
1490846683205	addons.xpi	DEBUG	Registering manifest for C:\Program Files (x86)\Mozilla Firefox\browser\features\firefox@getpocket.com.xpi
1490846683206	addons.xpi	DEBUG	Calling bootstrap method startup on firefox@getpocket.com version 1.0.5
1490846683207	addons.xpi	DEBUG	Registering manifest for C:\Program Files (x86)\Mozilla Firefox\browser\features\webcompat@mozilla.org.xpi
1490846683208	addons.xpi	DEBUG	Calling bootstrap method startup on webcompat@mozilla.org version 1.0
1490846683210	addons.manager	DEBUG	Registering shutdown blocker for XPIProvider
1490846683211	addons.manager	DEBUG	Provider finished startup: XPIProvider
1490846683211	addons.manager	DEBUG	Starting provider: LightweightThemeManager
1490846683211	addons.manager	DEBUG	Registering shutdown blocker for LightweightThemeManager
1490846683211	addons.manager	DEBUG	Provider finished startup: LightweightThemeManager
1490846683212	addons.manager	DEBUG	Starting provider: GMPProvider
1490846683219	addons.manager	DEBUG	Registering shutdown blocker for GMPProvider
1490846683219	addons.manager	DEBUG	Provider finished startup: GMPProvider
1490846683219	addons.manager	DEBUG	Starting provider: PluginProvider
1490846683219	addons.manager	DEBUG	Registering shutdown blocker for PluginProvider
1490846683219	addons.manager	DEBUG	Provider finished startup: PluginProvider
1490846683220	addons.manager	DEBUG	Completed startup sequence
1490846685509	DeferredSave.extensions.json	DEBUG	Starting write
1490846685517	addons.manager	DEBUG	Starting provider: &lt;unnamed-provider&gt;
1490846685517	addons.manager	DEBUG	Registering shutdown blocker for &lt;unnamed-provider&gt;
1490846685517	addons.manager	DEBUG	Provider finished startup: &lt;unnamed-provider&gt;
1490846685780	addons.repository	DEBUG	No addons.json found.
1490846685780	DeferredSave.addons.json	DEBUG	Save changes
1490846685783	DeferredSave.addons.json	DEBUG	Starting timer
1490846685815	addons.manager	DEBUG	Starting provider: PreviousExperimentProvider
1490846685815	addons.manager	DEBUG	Registering shutdown blocker for PreviousExperimentProvider
1490846685815	addons.manager	DEBUG	Provider finished startup: PreviousExperimentProvider
1490846685817	DeferredSave.extensions.json	DEBUG	Write succeeded
1490846685818	addons.xpi-utils	DEBUG	XPI Database saved, setting schema version preference to 19
1490846685833	DeferredSave.addons.json	DEBUG	Starting write
1490846685845	DeferredSave.addons.json	DEBUG	Write succeeded
1490846698708	addons.xpi	DEBUG	Calling bootstrap method shutdown on webcompat@mozilla.org version 1.0
1490846698708	addons.xpi	DEBUG	Calling bootstrap method shutdown on firefox@getpocket.com version 1.0.5
1490846698708	addons.xpi	DEBUG	Calling bootstrap method shutdown on e10srollout@mozilla.org version 1.9
1490846698709	addons.xpi	DEBUG	Calling bootstrap method shutdown on deployment-checker@mozilla.org version 1.0
1490846698710	addons.xpi	DEBUG	Calling bootstrap method shutdown on aushelper@mozilla.org version 2.0
[Child 4712] WARNING: pipe error: 109: file c:/builds/moz2_slave/m-rel-w32-00000000000000000000/build/src/ipc/chromium/src/chrome/common/ipc_channel_win.cc, line 345
[Child 4712] WARNING: pipe error: 109: file c:/builds/moz2_slave/m-rel-w32-00000000000000000000/build/src/ipc/chromium/src/chrome/common/ipc_channel_win.cc, line 345
1490846699921	addons.manager	DEBUG	shutdown
1490846699921	addons.manager	DEBUG	Calling shutdown blocker for XPIProvider
1490846699922	addons.xpi	DEBUG	shutdown
1490846699922	addons.xpi-utils	DEBUG	shutdown
1490846699923	addons.manager	DEBUG	Calling shutdown blocker for LightweightThemeManager
1490846699923	addons.manager	DEBUG	Calling shutdown blocker for GMPProvider
1490846699927	addons.manager	DEBUG	Calling shutdown blocker for PluginProvider
1490846699927	addons.manager	DEBUG	Calling shutdown blocker for &lt;unnamed-provider&gt;
1490846699930	addons.manager	DEBUG	Calling shutdown blocker for PreviousExperimentProvider
1490846699933	addons.xpi	DEBUG	Notifying XPI shutdown observers
1490846699938	addons.manager	DEBUG	Async provider shutdown done
Build info: version: &apos;2.53.1&apos;, revision: &apos;a36b8b1cd5757287168e54b817830adce9b0158d&apos;, time: &apos;2016-06-30 19:26:09&apos;
System info: host: &apos;User-PC&apos;, ip: &apos;10.0.0.11&apos;, os.name: &apos;Windows 7&apos;, os.arch: &apos;amd64&apos;, os.version: &apos;6.1&apos;, java.version: &apos;1.8.0_121&apos;
Driver info: driver.version: FirefoxDriver
	at org.openqa.selenium.firefox.internal.NewProfileExtensionConnection.start(NewProfileExtensionConnection.java:125)
	at org.openqa.selenium.firefox.FirefoxDriver.startClient(FirefoxDriver.java:271)
	at org.openqa.selenium.remote.RemoteWebDriver.&lt;init&gt;(RemoteWebDriver.java:119)
	at org.openqa.selenium.firefox.FirefoxDriver.&lt;init&gt;(FirefoxDriver.java:216)
	at org.openqa.selenium.firefox.FirefoxDriver.&lt;init&gt;(FirefoxDriver.java:211)
	at org.openqa.selenium.firefox.FirefoxDriver.&lt;init&gt;(FirefoxDriver.java:207)
	at org.openqa.selenium.firefox.FirefoxDriver.&lt;init&gt;(FirefoxDriver.java:120)
	at com.selenium.pom.testcases.ProfileTest.testProfile(ProfileTest.java:21)
Caused by: org.openqa.selenium.firefox.NotConnectedException: Unable to connect to host 127.0.0.1 on port 7055 after 45000 ms. Firefox console output:
sion 1.9
1490846683205	addons.xpi	DEBUG	Registering manifest for C:\Program Files (x86)\Mozilla Firefox\browser\features\firefox@getpocket.com.xpi
1490846683206	addons.xpi	DEBUG	Calling bootstrap method startup on firefox@getpocket.com version 1.0.5
1490846683207	addons.xpi	DEBUG	Registering manifest for C:\Program Files (x86)\Mozilla Firefox\browser\features\webcompat@mozilla.org.xpi
1490846683208	addons.xpi	DEBUG	Calling bootstrap method startup on webcompat@mozilla.org version 1.0
1490846683210	addons.manager	DEBUG	Registering shutdown blocker for XPIProvider
1490846683211	addons.manager	DEBUG	Provider finished startup: XPIProvider
1490846683211	addons.manager	DEBUG	Starting provider: LightweightThemeManager
1490846683211	addons.manager	DEBUG	Registering shutdown blocker for LightweightThemeManager
1490846683211	addons.manager	DEBUG	Provider finished startup: LightweightThemeManager
1490846683212	addons.manager	DEBUG	Starting provider: GMPProvider
1490846683219	addons.manager	DEBUG	Registering shutdown blocker for GMPProvider
1490846683219	addons.manager	DEBUG	Provider finished startup: GMPProvider
1490846683219	addons.manager	DEBUG	Starting provider: PluginProvider
1490846683219	addons.manager	DEBUG	Registering shutdown blocker for PluginProvider
1490846683219	addons.manager	DEBUG	Provider finished startup: PluginProvider
1490846683220	addons.manager	DEBUG	Completed startup sequence
1490846685509	DeferredSave.extensions.json	DEBUG	Starting write
1490846685517	addons.manager	DEBUG	Starting provider: &lt;unnamed-provider&gt;
1490846685517	addons.manager	DEBUG	Registering shutdown blocker for &lt;unnamed-provider&gt;
1490846685517	addons.manager	DEBUG	Provider finished startup: &lt;unnamed-provider&gt;
1490846685780	addons.repository	DEBUG	No addons.json found.
1490846685780	DeferredSave.addons.json	DEBUG	Save changes
1490846685783	DeferredSave.addons.json	DEBUG	Starting timer
1490846685815	addons.manager	DEBUG	Starting provider: PreviousExperimentProvider
1490846685815	addons.manager	DEBUG	Registering shutdown blocker for PreviousExperimentProvider
1490846685815	addons.manager	DEBUG	Provider finished startup: PreviousExperimentProvider
1490846685817	DeferredSave.extensions.json	DEBUG	Write succeeded
1490846685818	addons.xpi-utils	DEBUG	XPI Database saved, setting schema version preference to 19
1490846685833	DeferredSave.addons.json	DEBUG	Starting write
1490846685845	DeferredSave.addons.json	DEBUG	Write succeeded
1490846698708	addons.xpi	DEBUG	Calling bootstrap method shutdown on webcompat@mozilla.org version 1.0
1490846698708	addons.xpi	DEBUG	Calling bootstrap method shutdown on firefox@getpocket.com version 1.0.5
1490846698708	addons.xpi	DEBUG	Calling bootstrap method shutdown on e10srollout@mozilla.org version 1.9
1490846698709	addons.xpi	DEBUG	Calling bootstrap method shutdown on deployment-checker@mozilla.org version 1.0
1490846698710	addons.xpi	DEBUG	Calling bootstrap method shutdown on aushelper@mozilla.org version 2.0
[Child 4712] WARNING: pipe error: 109: file c:/builds/moz2_slave/m-rel-w32-00000000000000000000/build/src/ipc/chromium/src/chrome/common/ipc_channel_win.cc, line 345
[Child 4712] WARNING: pipe error: 109: file c:/builds/moz2_slave/m-rel-w32-00000000000000000000/build/src/ipc/chromium/src/chrome/common/ipc_channel_win.cc, line 345
1490846699921	addons.manager	DEBUG	shutdown
1490846699921	addons.manager	DEBUG	Calling shutdown blocker for XPIProvider
1490846699922	addons.xpi	DEBUG	shutdown
1490846699922	addons.xpi-utils	DEBUG	shutdown
1490846699923	addons.manager	DEBUG	Calling shutdown blocker for LightweightThemeManager
1490846699923	addons.manager	DEBUG	Calling shutdown blocker for GMPProvider
1490846699927	addons.manager	DEBUG	Calling shutdown blocker for PluginProvider
1490846699927	addons.manager	DEBUG	Calling shutdown blocker for &lt;unnamed-provider&gt;
1490846699930	addons.manager	DEBUG	Calling shutdown blocker for PreviousExperimentProvider
1490846699933	addons.xpi	DEBUG	Notifying XPI shutdown observers
1490846699938	addons.manager	DEBUG	Async provider shutdown done

	at org.openqa.selenium.firefox.internal.NewProfileExtensionConnection.start(NewProfileExtensionConnection.java:113)
	... 40 more
</failure>
    <system-out>Configuring TestNG with: org.apache.maven.surefire.testng.conf.TestNG652Configurator@1055e4af
</system-out>
    <system-err>org.openqa.selenium.firefox.NotConnectedException: Unable to connect to host 127.0.0.1 on port 7055 after 45000 ms. Firefox console output:
sion 1.9
1490846683205	addons.xpi	DEBUG	Registering manifest for C:\Program Files (x86)\Mozilla Firefox\browser\features\firefox@getpocket.com.xpi
1490846683206	addons.xpi	DEBUG	Calling bootstrap method startup on firefox@getpocket.com version 1.0.5
1490846683207	addons.xpi	DEBUG	Registering manifest for C:\Program Files (x86)\Mozilla Firefox\browser\features\webcompat@mozilla.org.xpi
1490846683208	addons.xpi	DEBUG	Calling bootstrap method startup on webcompat@mozilla.org version 1.0
1490846683210	addons.manager	DEBUG	Registering shutdown blocker for XPIProvider
1490846683211	addons.manager	DEBUG	Provider finished startup: XPIProvider
1490846683211	addons.manager	DEBUG	Starting provider: LightweightThemeManager
1490846683211	addons.manager	DEBUG	Registering shutdown blocker for LightweightThemeManager
1490846683211	addons.manager	DEBUG	Provider finished startup: LightweightThemeManager
1490846683212	addons.manager	DEBUG	Starting provider: GMPProvider
1490846683219	addons.manager	DEBUG	Registering shutdown blocker for GMPProvider
1490846683219	addons.manager	DEBUG	Provider finished startup: GMPProvider
1490846683219	addons.manager	DEBUG	Starting provider: PluginProvider
1490846683219	addons.manager	DEBUG	Registering shutdown blocker for PluginProvider
1490846683219	addons.manager	DEBUG	Provider finished startup: PluginProvider
1490846683220	addons.manager	DEBUG	Completed startup sequence
1490846685509	DeferredSave.extensions.json	DEBUG	Starting write
1490846685517	addons.manager	DEBUG	Starting provider: &lt;unnamed-provider&gt;
1490846685517	addons.manager	DEBUG	Registering shutdown blocker for &lt;unnamed-provider&gt;
1490846685517	addons.manager	DEBUG	Provider finished startup: &lt;unnamed-provider&gt;
1490846685780	addons.repository	DEBUG	No addons.json found.
1490846685780	DeferredSave.addons.json	DEBUG	Save changes
1490846685783	DeferredSave.addons.json	DEBUG	Starting timer
1490846685815	addons.manager	DEBUG	Starting provider: PreviousExperimentProvider
1490846685815	addons.manager	DEBUG	Registering shutdown blocker for PreviousExperimentProvider
1490846685815	addons.manager	DEBUG	Provider finished startup: PreviousExperimentProvider
1490846685817	DeferredSave.extensions.json	DEBUG	Write succeeded
1490846685818	addons.xpi-utils	DEBUG	XPI Database saved, setting schema version preference to 19
1490846685833	DeferredSave.addons.json	DEBUG	Starting write
1490846685845	DeferredSave.addons.json	DEBUG	Write succeeded
1490846698708	addons.xpi	DEBUG	Calling bootstrap method shutdown on webcompat@mozilla.org version 1.0
1490846698708	addons.xpi	DEBUG	Calling bootstrap method shutdown on firefox@getpocket.com version 1.0.5
1490846698708	addons.xpi	DEBUG	Calling bootstrap method shutdown on e10srollout@mozilla.org version 1.9
1490846698709	addons.xpi	DEBUG	Calling bootstrap method shutdown on deployment-checker@mozilla.org version 1.0
1490846698710	addons.xpi	DEBUG	Calling bootstrap method shutdown on aushelper@mozilla.org version 2.0
[Child 4712] WARNING: pipe error: 109: file c:/builds/moz2_slave/m-rel-w32-00000000000000000000/build/src/ipc/chromium/src/chrome/common/ipc_channel_win.cc, line 345
[Child 4712] WARNING: pipe error: 109: file c:/builds/moz2_slave/m-rel-w32-00000000000000000000/build/src/ipc/chromium/src/chrome/common/ipc_channel_win.cc, line 345
1490846699921	addons.manager	DEBUG	shutdown
1490846699921	addons.manager	DEBUG	Calling shutdown blocker for XPIProvider
1490846699922	addons.xpi	DEBUG	shutdown
1490846699922	addons.xpi-utils	DEBUG	shutdown
1490846699923	addons.manager	DEBUG	Calling shutdown blocker for LightweightThemeManager
1490846699923	addons.manager	DEBUG	Calling shutdown blocker for GMPProvider
1490846699927	addons.manager	DEBUG	Calling shutdown blocker for PluginProvider
1490846699927	addons.manager	DEBUG	Calling shutdown blocker for &lt;unnamed-provider&gt;
1490846699930	addons.manager	DEBUG	Calling shutdown blocker for PreviousExperimentProvider
1490846699933	addons.xpi	DEBUG	Notifying XPI shutdown observers
1490846699938	addons.manager	DEBUG	Async provider shutdown done

	at org.openqa.selenium.firefox.internal.NewProfileExtensionConnection.start(NewProfileExtensionConnection.java:113)
	at org.openqa.selenium.firefox.FirefoxDriver.startClient(FirefoxDriver.java:271)
	at org.openqa.selenium.remote.RemoteWebDriver.&lt;init&gt;(RemoteWebDriver.java:119)
	at org.openqa.selenium.firefox.FirefoxDriver.&lt;init&gt;(FirefoxDriver.java:216)
	at org.openqa.selenium.firefox.FirefoxDriver.&lt;init&gt;(FirefoxDriver.java:211)
	at org.openqa.selenium.firefox.FirefoxDriver.&lt;init&gt;(FirefoxDriver.java:207)
	at org.openqa.selenium.firefox.FirefoxDriver.&lt;init&gt;(FirefoxDriver.java:120)
	at com.selenium.pom.testcases.ProfileTest.testProfile(ProfileTest.java:21)
	at sun.reflect.NativeMethodAccessorImpl.invoke0(Native Method)
	at sun.reflect.NativeMethodAccessorImpl.invoke(NativeMethodAccessorImpl.java:62)
	at sun.reflect.DelegatingMethodAccessorImpl.invoke(DelegatingMethodAccessorImpl.java:43)
	at java.lang.reflect.Method.invoke(Method.java:498)
	at org.testng.internal.MethodInvocationHelper.invokeMethod(MethodInvocationHelper.java:85)
	at org.testng.internal.Invoker.invokeMethod(Invoker.java:639)
	at org.testng.internal.Invoker.invokeTestMethod(Invoker.java:821)
	at org.testng.internal.Invoker.invokeTestMethods(Invoker.java:1131)
	at org.testng.internal.TestMethodWorker.invokeTestMethods(TestMethodWorker.java:124)
	at org.testng.internal.TestMethodWorker.run(TestMethodWorker.java:108)
	at org.testng.TestRunner.privateRun(TestRunner.java:773)
	at org.testng.TestRunner.run(TestRunner.java:623)
	at org.testng.SuiteRunner.runTest(SuiteRunner.java:357)
	at org.testng.SuiteRunner.runSequentially(SuiteRunner.java:352)
	at org.testng.SuiteRunner.privateRun(SuiteRunner.java:310)
	at org.testng.SuiteRunner.run(SuiteRunner.java:259)
	at org.testng.SuiteRunnerWorker.runSuite(SuiteRunnerWorker.java:52)
	at org.testng.SuiteRunnerWorker.run(SuiteRunnerWorker.java:86)
	at org.testng.TestNG.runSuitesSequentially(TestNG.java:1185)
	at org.testng.TestNG.runSuitesLocally(TestNG.java:1110)
	at org.testng.TestNG.run(TestNG.java:1018)
	at org.apache.maven.surefire.testng.TestNGExecutor.run(TestNGExecutor.java:77)
	at org.apache.maven.surefire.testng.TestNGDirectoryTestSuite.execute(TestNGDirectoryTestSuite.java:110)
	at org.apache.maven.surefire.testng.TestNGProvider.invoke(TestNGProvider.java:106)
	at sun.reflect.NativeMethodAccessorImpl.invoke0(Native Method)
	at sun.reflect.NativeMethodAccessorImpl.invoke(NativeMethodAccessorImpl.java:62)
	at sun.reflect.DelegatingMethodAccessorImpl.invoke(DelegatingMethodAccessorImpl.java:43)
	at java.lang.reflect.Method.invoke(Method.java:498)
	at org.apache.maven.surefire.util.ReflectionUtils.invokeMethodWithArray(ReflectionUtils.java:189)
	at org.apache.maven.surefire.booter.ProviderFactory$ProviderProxy.invoke(ProviderFactory.java:165)
	at org.apache.maven.surefire.booter.ProviderFactory.invokeProvider(ProviderFactory.java:85)
	at org.apache.maven.surefire.booter.ForkedBooter.runSuitesInProcess(ForkedBooter.java:115)
	at org.apache.maven.surefire.booter.ForkedBooter.main(ForkedBooter.java:75)
</system-err>
  </testcase>
</testsuite>